2026-04-02 10:42:40,727 | INFO     | =======================================================
2026-04-02 10:42:40,727 | INFO     |   🔴 SHORT SELL TRADER — VWAP REJECTION
2026-04-02 10:42:40,727 | INFO     |   Mode      : LIVE
2026-04-02 10:42:40,727 | INFO     |   Gap Down  : 1.5% – 5.0%
2026-04-02 10:42:40,727 | INFO     |   VWAP Range: within 0.4% below VWAP
2026-04-02 10:42:40,727 | INFO     |   RSI Range : 45 – 62
2026-04-02 10:42:40,727 | INFO     |   Max Trades: 3
2026-04-02 10:42:40,727 | INFO     |   Window    : 09:45 – 14:00
2026-04-02 10:42:40,727 | INFO     | =======================================================
2026-04-02 10:42:40,839 | ERROR    | ❌ Kite login failed: Token is invalid or has expired.
2026-04-02 10:45:39,225 | INFO     | =======================================================
2026-04-02 10:45:39,225 | INFO     |   🔴 SHORT SELL TRADER — VWAP REJECTION
2026-04-02 10:45:39,225 | INFO     |   Mode      : LIVE
2026-04-02 10:45:39,225 | INFO     |   Gap Down  : 1.5% – 5.0%
2026-04-02 10:45:39,226 | INFO     |   VWAP Range: within 0.4% below VWAP
2026-04-02 10:45:39,226 | INFO     |   RSI Range : 45 – 62
2026-04-02 10:45:39,226 | INFO     |   Max Trades: 3
2026-04-02 10:45:39,226 | INFO     |   Window    : 09:45 – 14:00
2026-04-02 10:45:39,226 | INFO     | =======================================================
2026-04-02 10:45:39,303 | ERROR    | ❌ Kite login failed: Invalid `checksum`.
2026-04-02 10:46:00,237 | INFO     | =======================================================
2026-04-02 10:46:00,237 | INFO     |   🔴 SHORT SELL TRADER — VWAP REJECTION
2026-04-02 10:46:00,237 | INFO     |   Mode      : LIVE
2026-04-02 10:46:00,237 | INFO     |   Gap Down  : 1.5% – 5.0%
2026-04-02 10:46:00,237 | INFO     |   VWAP Range: within 0.4% below VWAP
2026-04-02 10:46:00,237 | INFO     |   RSI Range : 45 – 62
2026-04-02 10:46:00,237 | INFO     |   Max Trades: 3
2026-04-02 10:46:00,237 | INFO     |   Window    : 09:45 – 14:00
2026-04-02 10:46:00,237 | INFO     | =======================================================
2026-04-02 10:46:00,321 | ERROR    | ❌ Kite login failed: Invalid `checksum`.
2026-04-02 10:49:17,816 | INFO     | =======================================================
2026-04-02 10:49:17,817 | INFO     |   🔴 SHORT SELL TRADER — VWAP REJECTION
2026-04-02 10:49:17,817 | INFO     |   Mode      : LIVE
2026-04-02 10:49:17,817 | INFO     |   Gap Down  : 1.5% – 5.0%
2026-04-02 10:49:17,817 | INFO     |   VWAP Range: within 0.4% below VWAP
2026-04-02 10:49:17,817 | INFO     |   RSI Range : 45 – 62
2026-04-02 10:49:17,817 | INFO     |   Max Trades: 3
2026-04-02 10:49:17,817 | INFO     |   Window    : 09:45 – 14:00
2026-04-02 10:49:17,817 | INFO     | =======================================================
2026-04-02 10:49:17,817 | ERROR    | ❌ Missing Kite credentials. Set KITE_API_KEY, KITE_API_SECRET, KITE_REQUEST_TOKEN in .env
2026-04-02 10:50:51,404 | INFO     | =======================================================
2026-04-02 10:50:51,404 | INFO     |   🔴 SHORT SELL TRADER — VWAP REJECTION
2026-04-02 10:50:51,404 | INFO     |   Mode      : LIVE
2026-04-02 10:50:51,404 | INFO     |   Gap Down  : 1.5% – 5.0%
2026-04-02 10:50:51,404 | INFO     |   VWAP Range: within 0.4% below VWAP
2026-04-02 10:50:51,404 | INFO     |   RSI Range : 45 – 62
2026-04-02 10:50:51,404 | INFO     |   Max Trades: 3
2026-04-02 10:50:51,404 | INFO     |   Window    : 09:45 – 14:00
2026-04-02 10:50:51,404 | INFO     | =======================================================
2026-04-02 10:50:51,541 | ERROR    | ❌ Kite login failed: Token is invalid or has expired.
2026-04-02 10:52:02,283 | INFO     | =======================================================
2026-04-02 10:52:02,283 | INFO     |   🔴 SHORT SELL TRADER — VWAP REJECTION
2026-04-02 10:52:02,283 | INFO     |   Mode      : LIVE
2026-04-02 10:52:02,283 | INFO     |   Gap Down  : 1.5% – 5.0%
2026-04-02 10:52:02,283 | INFO     |   VWAP Range: within 0.4% below VWAP
2026-04-02 10:52:02,283 | INFO     |   RSI Range : 45 – 62
2026-04-02 10:52:02,283 | INFO     |   Max Trades: 3
2026-04-02 10:52:02,283 | INFO     |   Window    : 09:45 – 14:00
2026-04-02 10:52:02,283 | INFO     | =======================================================
2026-04-02 10:52:02,376 | INFO     | ✅ Kite login successful (LIVE mode)
2026-04-02 10:52:02,457 | INFO     | ✅ NSE session ready
2026-04-02 10:52:02,457 | INFO     | 📥 Loading previous close prices...
2026-04-02 10:52:02,509 | INFO     |   HDFCBANK: ₹742.25
2026-04-02 10:52:02,838 | INFO     |   ICICIBANK: ₹1212.7
2026-04-02 10:52:03,169 | INFO     |   AXISBANK: ₹1193.1
2026-04-02 10:52:03,520 | INFO     |   KOTAKBANK: ₹356.05
2026-04-02 10:52:03,864 | INFO     |   SBIN: ₹1017.8
2026-04-02 10:52:04,201 | INFO     |   BAJFINANCE: ₹817.3
2026-04-02 10:52:04,575 | INFO     |   BAJAJFINSV: ₹1647.0
2026-04-02 10:52:04,913 | INFO     |   INDUSINDBK: ₹785.65
2026-04-02 10:52:05,260 | INFO     |   RELIANCE: ₹1369.2
2026-04-02 10:52:05,619 | INFO     |   TATAMOTORS: ₹0.0
2026-04-02 10:52:05,962 | INFO     |   MARUTI: ₹12509.0
2026-04-02 10:52:06,292 | INFO     |   ONGC: ₹288.05
2026-04-02 10:52:06,629 | INFO     |   NTPC: ₹364.65
2026-04-02 10:52:06,965 | INFO     |   POWERGRID: ₹292.8
2026-04-02 10:52:07,304 | INFO     |   COALINDIA: ₹449.4
2026-04-02 10:52:07,625 | INFO     | 🤖 Telegram bot started
2026-04-02 10:52:14,605 | INFO     | 
⏳ Waiting for trade window 09:45...

2026-04-02 10:52:14,605 | INFO     | 🔍 Scanning 15 stocks for short setup...
2026-04-02 10:52:16,716 | INFO     | 💤 Next scan in 5 mins...

2026-04-02 10:54:22,843 | INFO     | =======================================================
2026-04-02 10:54:22,843 | INFO     |   🔴 SHORT SELL TRADER — VWAP REJECTION
2026-04-02 10:54:22,843 | INFO     |   Mode      : LIVE
2026-04-02 10:54:22,843 | INFO     |   Gap Down  : 1.5% – 5.0%
2026-04-02 10:54:22,843 | INFO     |   VWAP Range: within 0.4% below VWAP
2026-04-02 10:54:22,843 | INFO     |   RSI Range : 45 – 62
2026-04-02 10:54:22,843 | INFO     |   Max Trades: 3
2026-04-02 10:54:22,843 | INFO     |   Window    : 09:45 – 14:00
2026-04-02 10:54:22,843 | INFO     | =======================================================
2026-04-02 10:54:22,933 | ERROR    | ❌ Kite login failed: Token is invalid or has expired.
2026-04-02 10:57:46,147 | INFO     | =======================================================
2026-04-02 10:57:46,147 | INFO     |   🔴 SHORT SELL TRADER — VWAP REJECTION
2026-04-02 10:57:46,147 | INFO     |   Mode      : LIVE
2026-04-02 10:57:46,147 | INFO     |   Gap Down  : 1.5% – 5.0%
2026-04-02 10:57:46,147 | INFO     |   VWAP Range: within 0.4% below VWAP
2026-04-02 10:57:46,147 | INFO     |   RSI Range : 45 – 62
2026-04-02 10:57:46,147 | INFO     |   Max Trades: 3
2026-04-02 10:57:46,147 | INFO     |   Window    : 09:45 – 14:00
2026-04-02 10:57:46,147 | INFO     | =======================================================
2026-04-02 10:57:46,241 | ERROR    | ❌ Kite login failed: Token is invalid or has expired.
2026-04-02 10:58:45,447 | INFO     | =======================================================
2026-04-02 10:58:45,447 | INFO     |   🔴 SHORT SELL TRADER — VWAP REJECTION
2026-04-02 10:58:45,447 | INFO     |   Mode      : LIVE
2026-04-02 10:58:45,447 | INFO     |   Gap Down  : 1.5% – 5.0%
2026-04-02 10:58:45,447 | INFO     |   VWAP Range: within 0.4% below VWAP
2026-04-02 10:58:45,447 | INFO     |   RSI Range : 45 – 62
2026-04-02 10:58:45,447 | INFO     |   Max Trades: 3
2026-04-02 10:58:45,447 | INFO     |   Window    : 09:45 – 14:00
2026-04-02 10:58:45,447 | INFO     | =======================================================
2026-04-02 10:58:45,525 | INFO     | ✅ Kite login successful (LIVE mode) and access token saved
2026-04-02 10:58:45,588 | INFO     | ✅ NSE session ready
2026-04-02 10:58:45,588 | INFO     | 📥 Loading previous close prices...
2026-04-02 10:58:45,660 | INFO     |   HDFCBANK: ₹742.25
2026-04-02 10:58:46,013 | INFO     |   ICICIBANK: ₹1212.7
2026-04-02 10:58:46,377 | INFO     |   AXISBANK: ₹1193.1
2026-04-02 10:58:46,714 | INFO     |   KOTAKBANK: ₹356.05
2026-04-02 10:58:47,094 | INFO     |   SBIN: ₹1017.8
2026-04-02 10:58:47,455 | INFO     |   BAJFINANCE: ₹817.3
2026-04-02 10:58:47,796 | INFO     |   BAJAJFINSV: ₹1647.0
2026-04-02 10:58:48,132 | INFO     |   INDUSINDBK: ₹785.65
2026-04-02 10:58:48,478 | INFO     |   RELIANCE: ₹1369.2
2026-04-02 10:58:48,836 | INFO     |   TATAMOTORS: ₹0.0
2026-04-02 10:58:49,189 | INFO     |   MARUTI: ₹12509.0
2026-04-02 10:58:49,534 | INFO     |   ONGC: ₹288.05
2026-04-02 10:58:49,879 | INFO     |   NTPC: ₹364.65
2026-04-02 10:58:50,222 | INFO     |   POWERGRID: ₹292.8
2026-04-02 10:58:50,574 | INFO     |   COALINDIA: ₹449.4
2026-04-02 10:58:53,889 | INFO     | 
⏳ Waiting for trade window 09:45...

2026-04-02 10:58:53,889 | INFO     | 🔍 Scanning 15 stocks for short setup...
2026-04-02 10:58:56,092 | INFO     | 💤 Next scan in 5 mins...

2026-04-02 11:03:56,098 | INFO     | 🔍 Scanning 15 stocks for short setup...
2026-04-02 11:03:58,709 | INFO     | 💤 Next scan in 5 mins...

2026-04-02 11:08:58,720 | INFO     | 🔍 Scanning 15 stocks for short setup...
2026-04-02 11:09:01,536 | INFO     | 💤 Next scan in 5 mins...

2026-04-02 11:10:11,148 | INFO     | =======================================================
2026-04-02 11:10:11,148 | INFO     |   🔴 SHORT SELL TRADER — VWAP REJECTION
2026-04-02 11:10:11,149 | INFO     |   Mode      : LIVE
2026-04-02 11:10:11,149 | INFO     |   Gap Down  : 1.5% – 5.0%
2026-04-02 11:10:11,149 | INFO     |   VWAP Range: within 0.4% below VWAP
2026-04-02 11:10:11,149 | INFO     |   RSI Range : 45 – 62
2026-04-02 11:10:11,149 | INFO     |   Max Trades: 3
2026-04-02 11:10:11,149 | INFO     |   Window    : 09:45 – 14:00
2026-04-02 11:10:11,149 | INFO     | =======================================================
2026-04-02 11:10:11,149 | INFO     | 🔑 Using existing Kite access token
2026-04-02 11:10:11,224 | INFO     | ✅ NSE session ready
2026-04-02 11:10:11,224 | INFO     | 📥 Loading previous close prices...
2026-04-02 11:10:11,276 | INFO     |   HDFCBANK: ₹742.25
2026-04-02 11:10:11,626 | INFO     |   ICICIBANK: ₹1212.7
2026-04-02 11:10:11,996 | INFO     |   AXISBANK: ₹1193.1
2026-04-02 11:10:12,347 | INFO     |   KOTAKBANK: ₹356.05
2026-04-02 11:10:12,693 | INFO     |   SBIN: ₹1017.8
2026-04-02 11:10:13,043 | INFO     |   BAJFINANCE: ₹817.3
2026-04-02 11:10:13,377 | INFO     |   BAJAJFINSV: ₹1647.0
2026-04-02 11:10:13,735 | INFO     |   INDUSINDBK: ₹785.65
2026-04-02 11:10:14,065 | INFO     |   RELIANCE: ₹1369.2
2026-04-02 11:10:14,397 | INFO     |   TATAMOTORS: ₹0.0
2026-04-02 11:10:14,737 | INFO     |   MARUTI: ₹12509.0
2026-04-02 11:10:15,069 | INFO     |   ONGC: ₹288.05
2026-04-02 11:10:15,406 | INFO     |   NTPC: ₹364.65
2026-04-02 11:10:15,757 | INFO     |   POWERGRID: ₹292.8
2026-04-02 11:10:16,087 | INFO     |   COALINDIA: ₹449.4
2026-04-02 11:10:19,338 | INFO     | 
⏳ Waiting for trade window 09:45...

2026-04-02 11:10:19,339 | INFO     | 🔍 Scanning 15 stocks for short setup...
2026-04-02 11:10:22,865 | INFO     | 💤 Next scan in 5 mins...

2026-04-02 11:11:40,629 | INFO     | =======================================================
2026-04-02 11:11:40,629 | INFO     |   🔴 SHORT SELL TRADER — VWAP REJECTION
2026-04-02 11:11:40,629 | INFO     |   Mode      : LIVE
2026-04-02 11:11:40,629 | INFO     |   Gap Down  : 1.5% – 5.0%
2026-04-02 11:11:40,629 | INFO     |   VWAP Range: within 0.4% below VWAP
2026-04-02 11:11:40,629 | INFO     |   RSI Range : 45 – 62
2026-04-02 11:11:40,629 | INFO     |   Max Trades: 3
2026-04-02 11:11:40,629 | INFO     |   Window    : 09:45 – 14:00
2026-04-02 11:11:40,629 | INFO     | =======================================================
2026-04-02 11:11:40,629 | INFO     | 🔑 Using existing Kite access token
2026-04-02 11:11:40,698 | INFO     | ✅ NSE session ready
2026-04-02 11:11:40,698 | INFO     | 📥 Loading previous close prices...
2026-04-02 11:11:40,749 | INFO     |   HDFCBANK: ₹742.25
2026-04-02 11:11:41,083 | INFO     |   ICICIBANK: ₹1212.7
2026-04-02 11:11:41,418 | INFO     |   AXISBANK: ₹1193.1
2026-04-02 11:11:41,761 | INFO     |   KOTAKBANK: ₹356.05
2026-04-02 11:11:42,123 | INFO     |   SBIN: ₹1017.8
2026-04-02 11:11:42,456 | INFO     |   BAJFINANCE: ₹817.3
2026-04-02 11:11:42,797 | INFO     |   BAJAJFINSV: ₹1647.0
2026-04-02 11:11:43,140 | INFO     |   INDUSINDBK: ₹785.65
2026-04-02 11:11:43,476 | INFO     |   RELIANCE: ₹1369.2
2026-04-02 11:11:43,807 | INFO     |   TATAMOTORS: ₹0.0
2026-04-02 11:11:44,144 | INFO     |   MARUTI: ₹12509.0
2026-04-02 11:11:44,485 | INFO     |   ONGC: ₹288.05
2026-04-02 11:11:44,815 | INFO     |   NTPC: ₹364.65
2026-04-02 11:11:45,159 | INFO     |   POWERGRID: ₹292.8
2026-04-02 11:11:45,496 | INFO     |   COALINDIA: ₹449.4
2026-04-02 11:11:48,757 | INFO     | 
⏳ Waiting for trade window 09:45...

2026-04-02 11:11:48,757 | INFO     | 🔍 Scanning 49 stocks for short setup (primary 15 + secondary 34)...
2026-04-02 11:11:52,783 | INFO     | 💤 Next scan in 5 mins...

2026-04-02 11:14:04,754 | INFO     | =======================================================
2026-04-02 11:14:04,754 | INFO     |   🔴 SHORT SELL TRADER — VWAP REJECTION
2026-04-02 11:14:04,754 | INFO     |   Mode      : LIVE
2026-04-02 11:14:04,754 | INFO     |   Gap Down  : 1.5% – 5.0%
2026-04-02 11:14:04,754 | INFO     |   VWAP Range: within 0.4% below VWAP
2026-04-02 11:14:04,754 | INFO     |   RSI Range : 45 – 62
2026-04-02 11:14:04,754 | INFO     |   Max Trades: 3
2026-04-02 11:14:04,754 | INFO     |   Window    : 09:45 – 14:00
2026-04-02 11:14:04,754 | INFO     | =======================================================
2026-04-02 11:14:04,754 | INFO     | 🔑 Using existing Kite access token
2026-04-02 11:14:04,835 | INFO     | ✅ NSE session ready
2026-04-02 11:14:04,835 | INFO     | 📥 Loading previous close prices...
2026-04-02 11:14:04,890 | INFO     |   HDFCBANK: ₹742.25
2026-04-02 11:14:05,233 | INFO     |   ICICIBANK: ₹1212.7
2026-04-02 11:14:05,570 | INFO     |   AXISBANK: ₹1193.1
2026-04-02 11:14:05,917 | INFO     |   KOTAKBANK: ₹356.05
2026-04-02 11:14:06,282 | INFO     |   SBIN: ₹1017.8
2026-04-02 11:14:06,618 | INFO     |   BAJFINANCE: ₹817.3
2026-04-02 11:14:06,958 | INFO     |   BAJAJFINSV: ₹1647.0
2026-04-02 11:14:07,296 | INFO     |   INDUSINDBK: ₹785.65
2026-04-02 11:14:07,632 | INFO     |   RELIANCE: ₹1369.2
2026-04-02 11:14:07,981 | INFO     |   TATAMOTORS: ₹0.0
2026-04-02 11:14:08,312 | INFO     |   MARUTI: ₹12509.0
2026-04-02 11:14:08,644 | INFO     |   ONGC: ₹288.05
2026-04-02 11:14:08,980 | INFO     |   NTPC: ₹364.65
2026-04-02 11:14:09,320 | INFO     |   POWERGRID: ₹292.8
2026-04-02 11:14:09,655 | INFO     |   COALINDIA: ₹449.4
2026-04-02 11:14:09,977 | INFO     | 🤖 Telegram bot started
2026-04-02 11:14:11,793 | INFO     | HTTP Request: POST https://api.telegram.org/bot8676883652:AAE0z3rCGdu9hbmUUI2C8ZeRD-oyZ6Q9iJs/getMe "HTTP/1.1 200 OK"
2026-04-02 11:14:12,153 | INFO     | HTTP Request: POST https://api.telegram.org/bot8676883652:AAE0z3rCGdu9hbmUUI2C8ZeRD-oyZ6Q9iJs/deleteWebhook "HTTP/1.1 200 OK"
2026-04-02 11:14:12,156 | INFO     | Scheduler started
2026-04-02 11:14:12,157 | INFO     | Application started
2026-04-02 11:14:13,041 | INFO     | 
⏳ Waiting for trade window 09:45...

2026-04-02 11:14:13,041 | INFO     | 🔍 Scanning 49 stocks for short setup (primary 15 + secondary 34)...
2026-04-02 11:14:13,578 | INFO     | HTTP Request: POST https://api.telegram.org/bot8676883652:AAE0z3rCGdu9hbmUUI2C8ZeRD-oyZ6Q9iJs/getUpdates "HTTP/1.1 200 OK"
2026-04-02 11:14:16,417 | INFO     | 💤 Next scan in 5 mins...

2026-04-02 11:14:23,942 | INFO     | HTTP Request: POST https://api.telegram.org/bot8676883652:AAE0z3rCGdu9hbmUUI2C8ZeRD-oyZ6Q9iJs/getUpdates "HTTP/1.1 200 OK"
2026-04-02 11:14:34,320 | INFO     | HTTP Request: POST https://api.telegram.org/bot8676883652:AAE0z3rCGdu9hbmUUI2C8ZeRD-oyZ6Q9iJs/getUpdates "HTTP/1.1 200 OK"
2026-04-02 11:14:44,765 | INFO     | HTTP Request: POST https://api.telegram.org/bot8676883652:AAE0z3rCGdu9hbmUUI2C8ZeRD-oyZ6Q9iJs/getUpdates "HTTP/1.1 200 OK"
2026-04-02 11:14:55,212 | INFO     | HTTP Request: POST https://api.telegram.org/bot8676883652:AAE0z3rCGdu9hbmUUI2C8ZeRD-oyZ6Q9iJs/getUpdates "HTTP/1.1 200 OK"
2026-04-02 11:15:05,654 | INFO     | HTTP Request: POST https://api.telegram.org/bot8676883652:AAE0z3rCGdu9hbmUUI2C8ZeRD-oyZ6Q9iJs/getUpdates "HTTP/1.1 200 OK"
2026-04-02 11:15:16,022 | INFO     | HTTP Request: POST https://api.telegram.org/bot8676883652:AAE0z3rCGdu9hbmUUI2C8ZeRD-oyZ6Q9iJs/getUpdates "HTTP/1.1 200 OK"
2026-04-02 11:15:26,384 | INFO     | HTTP Request: POST https://api.telegram.org/bot8676883652:AAE0z3rCGdu9hbmUUI2C8ZeRD-oyZ6Q9iJs/getUpdates "HTTP/1.1 200 OK"
2026-04-02 11:15:36,785 | INFO     | HTTP Request: POST https://api.telegram.org/bot8676883652:AAE0z3rCGdu9hbmUUI2C8ZeRD-oyZ6Q9iJs/getUpdates "HTTP/1.1 200 OK"
2026-04-02 11:15:47,145 | INFO     | HTTP Request: POST https://api.telegram.org/bot8676883652:AAE0z3rCGdu9hbmUUI2C8ZeRD-oyZ6Q9iJs/getUpdates "HTTP/1.1 200 OK"
2026-04-02 11:15:57,572 | INFO     | HTTP Request: POST https://api.telegram.org/bot8676883652:AAE0z3rCGdu9hbmUUI2C8ZeRD-oyZ6Q9iJs/getUpdates "HTTP/1.1 200 OK"
2026-04-02 11:16:08,017 | INFO     | HTTP Request: POST https://api.telegram.org/bot8676883652:AAE0z3rCGdu9hbmUUI2C8ZeRD-oyZ6Q9iJs/getUpdates "HTTP/1.1 200 OK"
2026-04-02 11:16:18,397 | INFO     | HTTP Request: POST https://api.telegram.org/bot8676883652:AAE0z3rCGdu9hbmUUI2C8ZeRD-oyZ6Q9iJs/getUpdates "HTTP/1.1 200 OK"
2026-04-02 11:16:28,756 | INFO     | HTTP Request: POST https://api.telegram.org/bot8676883652:AAE0z3rCGdu9hbmUUI2C8ZeRD-oyZ6Q9iJs/getUpdates "HTTP/1.1 200 OK"
2026-04-02 11:16:39,147 | INFO     | HTTP Request: POST https://api.telegram.org/bot8676883652:AAE0z3rCGdu9hbmUUI2C8ZeRD-oyZ6Q9iJs/getUpdates "HTTP/1.1 200 OK"
2026-04-02 11:16:49,592 | INFO     | HTTP Request: POST https://api.telegram.org/bot8676883652:AAE0z3rCGdu9hbmUUI2C8ZeRD-oyZ6Q9iJs/getUpdates "HTTP/1.1 200 OK"
2026-04-02 11:16:59,952 | INFO     | HTTP Request: POST https://api.telegram.org/bot8676883652:AAE0z3rCGdu9hbmUUI2C8ZeRD-oyZ6Q9iJs/getUpdates "HTTP/1.1 200 OK"
2026-04-02 11:17:10,483 | INFO     | HTTP Request: POST https://api.telegram.org/bot8676883652:AAE0z3rCGdu9hbmUUI2C8ZeRD-oyZ6Q9iJs/getUpdates "HTTP/1.1 200 OK"
2026-04-02 11:17:20,845 | INFO     | HTTP Request: POST https://api.telegram.org/bot8676883652:AAE0z3rCGdu9hbmUUI2C8ZeRD-oyZ6Q9iJs/getUpdates "HTTP/1.1 200 OK"
2026-04-02 11:17:31,209 | INFO     | HTTP Request: POST https://api.telegram.org/bot8676883652:AAE0z3rCGdu9hbmUUI2C8ZeRD-oyZ6Q9iJs/getUpdates "HTTP/1.1 200 OK"
2026-04-02 11:17:41,613 | INFO     | HTTP Request: POST https://api.telegram.org/bot8676883652:AAE0z3rCGdu9hbmUUI2C8ZeRD-oyZ6Q9iJs/getUpdates "HTTP/1.1 200 OK"
2026-04-02 11:17:52,062 | INFO     | HTTP Request: POST https://api.telegram.org/bot8676883652:AAE0z3rCGdu9hbmUUI2C8ZeRD-oyZ6Q9iJs/getUpdates "HTTP/1.1 200 OK"
2026-04-02 11:18:02,430 | INFO     | HTTP Request: POST https://api.telegram.org/bot8676883652:AAE0z3rCGdu9hbmUUI2C8ZeRD-oyZ6Q9iJs/getUpdates "HTTP/1.1 200 OK"
2026-04-02 11:18:13,670 | INFO     | =======================================================
2026-04-02 11:18:13,670 | INFO     |   🔴 SHORT SELL TRADER — VWAP REJECTION
2026-04-02 11:18:13,670 | INFO     |   Mode      : LIVE
2026-04-02 11:18:13,670 | INFO     |   Gap Down  : 1.5% – 5.0%
2026-04-02 11:18:13,670 | INFO     |   VWAP Range: within 0.4% below VWAP
2026-04-02 11:18:13,670 | INFO     |   RSI Range : 45 – 62
2026-04-02 11:18:13,670 | INFO     |   Max Trades: 3
2026-04-02 11:18:13,670 | INFO     |   Window    : 09:45 – 14:00
2026-04-02 11:18:13,670 | INFO     | =======================================================
2026-04-02 11:18:13,670 | INFO     | 🔑 Using existing Kite access token
2026-04-02 11:18:13,731 | INFO     | ✅ NSE session ready
2026-04-02 11:18:13,731 | INFO     | 📥 Loading previous close prices...
2026-04-02 11:18:13,821 | INFO     |   HDFCBANK: ₹742.25
2026-04-02 11:18:14,159 | INFO     |   ICICIBANK: ₹1212.7
2026-04-02 11:18:14,522 | INFO     |   AXISBANK: ₹1193.1
2026-04-02 11:18:14,878 | INFO     |   KOTAKBANK: ₹356.05
2026-04-02 11:18:15,217 | INFO     |   SBIN: ₹1017.8
2026-04-02 11:18:15,564 | INFO     |   BAJFINANCE: ₹817.3
2026-04-02 11:18:15,918 | INFO     |   BAJAJFINSV: ₹1647.0
2026-04-02 11:18:16,276 | INFO     |   INDUSINDBK: ₹785.65
2026-04-02 11:18:16,619 | INFO     |   RELIANCE: ₹1369.2
2026-04-02 11:18:16,958 | INFO     |   TATAMOTORS: ₹0.0
2026-04-02 11:18:17,300 | INFO     |   MARUTI: ₹12509.0
2026-04-02 11:18:17,675 | INFO     |   ONGC: ₹288.05
2026-04-02 11:18:18,010 | INFO     |   NTPC: ₹364.65
2026-04-02 11:18:18,353 | INFO     |   POWERGRID: ₹292.8
2026-04-02 11:18:18,713 | INFO     |   COALINDIA: ₹449.4
2026-04-02 11:18:19,033 | INFO     | 🤖 Telegram bot started
2026-04-02 11:18:20,683 | INFO     | HTTP Request: POST https://api.telegram.org/bot8676883652:AAE0z3rCGdu9hbmUUI2C8ZeRD-oyZ6Q9iJs/getMe "HTTP/1.1 200 OK"
2026-04-02 11:18:21,061 | INFO     | HTTP Request: POST https://api.telegram.org/bot8676883652:AAE0z3rCGdu9hbmUUI2C8ZeRD-oyZ6Q9iJs/deleteWebhook "HTTP/1.1 200 OK"
2026-04-02 11:18:21,064 | INFO     | Scheduler started
2026-04-02 11:18:21,064 | INFO     | Application started
2026-04-02 11:18:22,069 | INFO     | 
⏳ Waiting for trade window 09:45...

2026-04-02 11:18:22,070 | INFO     | 🔍 Scanning 49 stocks for short setup (primary 15 + secondary 34)...
2026-04-02 11:18:26,046 | INFO     | 💤 Next scan in 5 mins...

2026-04-02 11:18:32,501 | INFO     | HTTP Request: POST https://api.telegram.org/bot8676883652:AAE0z3rCGdu9hbmUUI2C8ZeRD-oyZ6Q9iJs/getUpdates "HTTP/1.1 200 OK"
2026-04-02 11:18:42,858 | INFO     | HTTP Request: POST https://api.telegram.org/bot8676883652:AAE0z3rCGdu9hbmUUI2C8ZeRD-oyZ6Q9iJs/getUpdates "HTTP/1.1 200 OK"
2026-04-02 11:18:53,216 | INFO     | HTTP Request: POST https://api.telegram.org/bot8676883652:AAE0z3rCGdu9hbmUUI2C8ZeRD-oyZ6Q9iJs/getUpdates "HTTP/1.1 200 OK"
2026-04-02 11:19:03,636 | INFO     | HTTP Request: POST https://api.telegram.org/bot8676883652:AAE0z3rCGdu9hbmUUI2C8ZeRD-oyZ6Q9iJs/getUpdates "HTTP/1.1 200 OK"
2026-04-02 11:19:14,009 | INFO     | HTTP Request: POST https://api.telegram.org/bot8676883652:AAE0z3rCGdu9hbmUUI2C8ZeRD-oyZ6Q9iJs/getUpdates "HTTP/1.1 200 OK"
2026-04-02 11:19:24,369 | INFO     | HTTP Request: POST https://api.telegram.org/bot8676883652:AAE0z3rCGdu9hbmUUI2C8ZeRD-oyZ6Q9iJs/getUpdates "HTTP/1.1 200 OK"
2026-04-02 11:19:34,766 | INFO     | HTTP Request: POST https://api.telegram.org/bot8676883652:AAE0z3rCGdu9hbmUUI2C8ZeRD-oyZ6Q9iJs/getUpdates "HTTP/1.1 200 OK"
2026-04-02 11:19:45,209 | INFO     | HTTP Request: POST https://api.telegram.org/bot8676883652:AAE0z3rCGdu9hbmUUI2C8ZeRD-oyZ6Q9iJs/getUpdates "HTTP/1.1 200 OK"
2026-04-02 11:19:55,655 | INFO     | HTTP Request: POST https://api.telegram.org/bot8676883652:AAE0z3rCGdu9hbmUUI2C8ZeRD-oyZ6Q9iJs/getUpdates "HTTP/1.1 200 OK"
2026-04-02 11:20:06,099 | INFO     | HTTP Request: POST https://api.telegram.org/bot8676883652:AAE0z3rCGdu9hbmUUI2C8ZeRD-oyZ6Q9iJs/getUpdates "HTTP/1.1 200 OK"
2026-04-02 11:20:16,484 | INFO     | HTTP Request: POST https://api.telegram.org/bot8676883652:AAE0z3rCGdu9hbmUUI2C8ZeRD-oyZ6Q9iJs/getUpdates "HTTP/1.1 200 OK"
2026-04-02 11:20:26,844 | INFO     | HTTP Request: POST https://api.telegram.org/bot8676883652:AAE0z3rCGdu9hbmUUI2C8ZeRD-oyZ6Q9iJs/getUpdates "HTTP/1.1 200 OK"
2026-04-02 11:20:37,202 | INFO     | HTTP Request: POST https://api.telegram.org/bot8676883652:AAE0z3rCGdu9hbmUUI2C8ZeRD-oyZ6Q9iJs/getUpdates "HTTP/1.1 200 OK"
2026-04-02 11:20:47,572 | INFO     | HTTP Request: POST https://api.telegram.org/bot8676883652:AAE0z3rCGdu9hbmUUI2C8ZeRD-oyZ6Q9iJs/getUpdates "HTTP/1.1 200 OK"
2026-04-02 11:20:57,929 | INFO     | HTTP Request: POST https://api.telegram.org/bot8676883652:AAE0z3rCGdu9hbmUUI2C8ZeRD-oyZ6Q9iJs/getUpdates "HTTP/1.1 200 OK"
2026-04-02 11:21:08,287 | INFO     | HTTP Request: POST https://api.telegram.org/bot8676883652:AAE0z3rCGdu9hbmUUI2C8ZeRD-oyZ6Q9iJs/getUpdates "HTTP/1.1 200 OK"
2026-04-02 11:21:18,647 | INFO     | HTTP Request: POST https://api.telegram.org/bot8676883652:AAE0z3rCGdu9hbmUUI2C8ZeRD-oyZ6Q9iJs/getUpdates "HTTP/1.1 200 OK"
2026-04-02 11:21:29,044 | INFO     | HTTP Request: POST https://api.telegram.org/bot8676883652:AAE0z3rCGdu9hbmUUI2C8ZeRD-oyZ6Q9iJs/getUpdates "HTTP/1.1 200 OK"
2026-04-02 11:21:39,489 | INFO     | HTTP Request: POST https://api.telegram.org/bot8676883652:AAE0z3rCGdu9hbmUUI2C8ZeRD-oyZ6Q9iJs/getUpdates "HTTP/1.1 200 OK"
2026-04-02 11:21:49,936 | INFO     | HTTP Request: POST https://api.telegram.org/bot8676883652:AAE0z3rCGdu9hbmUUI2C8ZeRD-oyZ6Q9iJs/getUpdates "HTTP/1.1 200 OK"
2026-04-02 11:22:00,295 | INFO     | HTTP Request: POST https://api.telegram.org/bot8676883652:AAE0z3rCGdu9hbmUUI2C8ZeRD-oyZ6Q9iJs/getUpdates "HTTP/1.1 200 OK"
2026-04-02 11:22:10,655 | INFO     | HTTP Request: POST https://api.telegram.org/bot8676883652:AAE0z3rCGdu9hbmUUI2C8ZeRD-oyZ6Q9iJs/getUpdates "HTTP/1.1 200 OK"
2026-04-02 11:22:21,064 | INFO     | HTTP Request: POST https://api.telegram.org/bot8676883652:AAE0z3rCGdu9hbmUUI2C8ZeRD-oyZ6Q9iJs/getUpdates "HTTP/1.1 200 OK"
2026-04-02 11:22:31,510 | INFO     | HTTP Request: POST https://api.telegram.org/bot8676883652:AAE0z3rCGdu9hbmUUI2C8ZeRD-oyZ6Q9iJs/getUpdates "HTTP/1.1 200 OK"
2026-04-02 11:22:41,955 | INFO     | HTTP Request: POST https://api.telegram.org/bot8676883652:AAE0z3rCGdu9hbmUUI2C8ZeRD-oyZ6Q9iJs/getUpdates "HTTP/1.1 200 OK"
2026-04-02 11:22:52,314 | INFO     | HTTP Request: POST https://api.telegram.org/bot8676883652:AAE0z3rCGdu9hbmUUI2C8ZeRD-oyZ6Q9iJs/getUpdates "HTTP/1.1 200 OK"
2026-04-02 11:23:02,670 | INFO     | HTTP Request: POST https://api.telegram.org/bot8676883652:AAE0z3rCGdu9hbmUUI2C8ZeRD-oyZ6Q9iJs/getUpdates "HTTP/1.1 200 OK"
2026-04-02 11:23:13,085 | INFO     | HTTP Request: POST https://api.telegram.org/bot8676883652:AAE0z3rCGdu9hbmUUI2C8ZeRD-oyZ6Q9iJs/getUpdates "HTTP/1.1 200 OK"
2026-04-02 11:23:23,529 | INFO     | HTTP Request: POST https://api.telegram.org/bot8676883652:AAE0z3rCGdu9hbmUUI2C8ZeRD-oyZ6Q9iJs/getUpdates "HTTP/1.1 200 OK"
2026-04-02 11:23:26,053 | INFO     | 🔍 Scanning 49 stocks for short setup (primary 15 + secondary 34)...
2026-04-02 11:23:29,745 | INFO     | 💤 Next scan in 5 mins...

2026-04-02 11:23:33,889 | INFO     | HTTP Request: POST https://api.telegram.org/bot8676883652:AAE0z3rCGdu9hbmUUI2C8ZeRD-oyZ6Q9iJs/getUpdates "HTTP/1.1 200 OK"
2026-04-02 11:23:44,247 | INFO     | HTTP Request: POST https://api.telegram.org/bot8676883652:AAE0z3rCGdu9hbmUUI2C8ZeRD-oyZ6Q9iJs/getUpdates "HTTP/1.1 200 OK"
2026-04-02 11:23:54,607 | INFO     | HTTP Request: POST https://api.telegram.org/bot8676883652:AAE0z3rCGdu9hbmUUI2C8ZeRD-oyZ6Q9iJs/getUpdates "HTTP/1.1 200 OK"
2026-04-02 11:24:04,971 | INFO     | HTTP Request: POST https://api.telegram.org/bot8676883652:AAE0z3rCGdu9hbmUUI2C8ZeRD-oyZ6Q9iJs/getUpdates "HTTP/1.1 200 OK"
2026-04-02 11:24:15,327 | INFO     | HTTP Request: POST https://api.telegram.org/bot8676883652:AAE0z3rCGdu9hbmUUI2C8ZeRD-oyZ6Q9iJs/getUpdates "HTTP/1.1 200 OK"
2026-04-02 11:24:25,688 | INFO     | HTTP Request: POST https://api.telegram.org/bot8676883652:AAE0z3rCGdu9hbmUUI2C8ZeRD-oyZ6Q9iJs/getUpdates "HTTP/1.1 200 OK"
2026-04-02 11:24:36,048 | INFO     | HTTP Request: POST https://api.telegram.org/bot8676883652:AAE0z3rCGdu9hbmUUI2C8ZeRD-oyZ6Q9iJs/getUpdates "HTTP/1.1 200 OK"
2026-04-02 11:24:46,410 | INFO     | HTTP Request: POST https://api.telegram.org/bot8676883652:AAE0z3rCGdu9hbmUUI2C8ZeRD-oyZ6Q9iJs/getUpdates "HTTP/1.1 200 OK"
2026-04-02 11:24:55,823 | INFO     | =======================================================
2026-04-02 11:24:55,823 | INFO     |   🔴 SHORT SELL TRADER — VWAP REJECTION
2026-04-02 11:24:55,823 | INFO     |   Mode      : LIVE
2026-04-02 11:24:55,823 | INFO     |   Gap Down  : 1.5% – 5.0%
2026-04-02 11:24:55,823 | INFO     |   VWAP Range: within 0.4% below VWAP
2026-04-02 11:24:55,823 | INFO     |   RSI Range : 45 – 62
2026-04-02 11:24:55,823 | INFO     |   Max Trades: 3
2026-04-02 11:24:55,823 | INFO     |   Window    : 09:45 – 14:00
2026-04-02 11:24:55,823 | INFO     | =======================================================
2026-04-02 11:24:55,823 | INFO     | 🔑 Using existing Kite access token
2026-04-02 11:24:55,891 | INFO     | ✅ NSE session ready
2026-04-02 11:24:55,891 | INFO     | 📥 Loading previous close prices...
2026-04-02 11:24:55,956 | INFO     |   HDFCBANK: ₹742.25
2026-04-02 11:24:56,343 | INFO     |   ICICIBANK: ₹1212.7
2026-04-02 11:24:56,700 | INFO     |   AXISBANK: ₹1193.1
2026-04-02 11:24:57,045 | INFO     |   KOTAKBANK: ₹356.05
2026-04-02 11:24:57,391 | INFO     |   SBIN: ₹1017.8
2026-04-02 11:24:57,776 | INFO     |   BAJFINANCE: ₹817.3
2026-04-02 11:24:58,126 | INFO     |   BAJAJFINSV: ₹1647.0
2026-04-02 11:24:58,477 | INFO     |   INDUSINDBK: ₹785.65
2026-04-02 11:24:58,854 | INFO     |   RELIANCE: ₹1369.2
2026-04-02 11:24:59,202 | INFO     |   TATAMOTORS: ₹0.0
2026-04-02 11:24:59,538 | INFO     |   MARUTI: ₹12509.0
2026-04-02 11:24:59,892 | INFO     |   ONGC: ₹288.05
2026-04-02 11:25:00,242 | INFO     |   NTPC: ₹364.65
2026-04-02 11:25:00,586 | INFO     |   POWERGRID: ₹292.8
2026-04-02 11:25:00,928 | INFO     |   COALINDIA: ₹449.4
2026-04-02 11:25:01,244 | INFO     | 🤖 Telegram bot started
2026-04-02 11:25:02,815 | INFO     | HTTP Request: POST https://api.telegram.org/bot8676883652:AAE0z3rCGdu9hbmUUI2C8ZeRD-oyZ6Q9iJs/getMe "HTTP/1.1 200 OK"
2026-04-02 11:25:03,250 | INFO     | HTTP Request: POST https://api.telegram.org/bot8676883652:AAE0z3rCGdu9hbmUUI2C8ZeRD-oyZ6Q9iJs/deleteWebhook "HTTP/1.1 200 OK"
2026-04-02 11:25:03,253 | INFO     | Scheduler started
2026-04-02 11:25:03,254 | INFO     | Application started
2026-04-02 11:25:04,276 | INFO     | 
⏳ Waiting for trade window 09:45...

2026-04-02 11:25:04,277 | INFO     | 🔍 Scanning 76 stocks for short setup (primary 15 + secondary 61)...
2026-04-02 11:25:08,218 | INFO     | 💤 Next scan in 5 mins...

2026-04-02 11:25:14,839 | INFO     | HTTP Request: POST https://api.telegram.org/bot8676883652:AAE0z3rCGdu9hbmUUI2C8ZeRD-oyZ6Q9iJs/getUpdates "HTTP/1.1 200 OK"
2026-04-02 11:25:25,221 | INFO     | HTTP Request: POST https://api.telegram.org/bot8676883652:AAE0z3rCGdu9hbmUUI2C8ZeRD-oyZ6Q9iJs/getUpdates "HTTP/1.1 200 OK"
2026-04-02 11:25:35,598 | INFO     | HTTP Request: POST https://api.telegram.org/bot8676883652:AAE0z3rCGdu9hbmUUI2C8ZeRD-oyZ6Q9iJs/getUpdates "HTTP/1.1 200 OK"
2026-04-02 11:25:45,976 | INFO     | HTTP Request: POST https://api.telegram.org/bot8676883652:AAE0z3rCGdu9hbmUUI2C8ZeRD-oyZ6Q9iJs/getUpdates "HTTP/1.1 200 OK"
2026-04-02 11:25:56,354 | INFO     | HTTP Request: POST https://api.telegram.org/bot8676883652:AAE0z3rCGdu9hbmUUI2C8ZeRD-oyZ6Q9iJs/getUpdates "HTTP/1.1 200 OK"
2026-04-02 11:26:06,748 | INFO     | HTTP Request: POST https://api.telegram.org/bot8676883652:AAE0z3rCGdu9hbmUUI2C8ZeRD-oyZ6Q9iJs/getUpdates "HTTP/1.1 200 OK"
2026-04-02 11:26:17,202 | INFO     | HTTP Request: POST https://api.telegram.org/bot8676883652:AAE0z3rCGdu9hbmUUI2C8ZeRD-oyZ6Q9iJs/getUpdates "HTTP/1.1 200 OK"
2026-04-02 11:26:27,579 | INFO     | HTTP Request: POST https://api.telegram.org/bot8676883652:AAE0z3rCGdu9hbmUUI2C8ZeRD-oyZ6Q9iJs/getUpdates "HTTP/1.1 200 OK"
2026-04-02 11:26:37,988 | INFO     | HTTP Request: POST https://api.telegram.org/bot8676883652:AAE0z3rCGdu9hbmUUI2C8ZeRD-oyZ6Q9iJs/getUpdates "HTTP/1.1 200 OK"
2026-04-02 11:26:48,433 | INFO     | HTTP Request: POST https://api.telegram.org/bot8676883652:AAE0z3rCGdu9hbmUUI2C8ZeRD-oyZ6Q9iJs/getUpdates "HTTP/1.1 200 OK"
2026-04-02 11:26:58,878 | INFO     | HTTP Request: POST https://api.telegram.org/bot8676883652:AAE0z3rCGdu9hbmUUI2C8ZeRD-oyZ6Q9iJs/getUpdates "HTTP/1.1 200 OK"
2026-04-02 11:27:09,323 | INFO     | HTTP Request: POST https://api.telegram.org/bot8676883652:AAE0z3rCGdu9hbmUUI2C8ZeRD-oyZ6Q9iJs/getUpdates "HTTP/1.1 200 OK"
2026-04-02 11:27:19,768 | INFO     | HTTP Request: POST https://api.telegram.org/bot8676883652:AAE0z3rCGdu9hbmUUI2C8ZeRD-oyZ6Q9iJs/getUpdates "HTTP/1.1 200 OK"
2026-04-02 11:27:30,146 | INFO     | HTTP Request: POST https://api.telegram.org/bot8676883652:AAE0z3rCGdu9hbmUUI2C8ZeRD-oyZ6Q9iJs/getUpdates "HTTP/1.1 200 OK"
2026-04-02 11:27:40,600 | INFO     | HTTP Request: POST https://api.telegram.org/bot8676883652:AAE0z3rCGdu9hbmUUI2C8ZeRD-oyZ6Q9iJs/getUpdates "HTTP/1.1 200 OK"
2026-04-02 11:27:51,002 | INFO     | HTTP Request: POST https://api.telegram.org/bot8676883652:AAE0z3rCGdu9hbmUUI2C8ZeRD-oyZ6Q9iJs/getUpdates "HTTP/1.1 200 OK"
2026-04-02 11:28:01,447 | INFO     | HTTP Request: POST https://api.telegram.org/bot8676883652:AAE0z3rCGdu9hbmUUI2C8ZeRD-oyZ6Q9iJs/getUpdates "HTTP/1.1 200 OK"
2026-04-02 11:28:11,892 | INFO     | HTTP Request: POST https://api.telegram.org/bot8676883652:AAE0z3rCGdu9hbmUUI2C8ZeRD-oyZ6Q9iJs/getUpdates "HTTP/1.1 200 OK"
2026-04-02 11:28:22,270 | INFO     | HTTP Request: POST https://api.telegram.org/bot8676883652:AAE0z3rCGdu9hbmUUI2C8ZeRD-oyZ6Q9iJs/getUpdates "HTTP/1.1 200 OK"
2026-04-02 11:28:32,645 | INFO     | HTTP Request: POST https://api.telegram.org/bot8676883652:AAE0z3rCGdu9hbmUUI2C8ZeRD-oyZ6Q9iJs/getUpdates "HTTP/1.1 200 OK"
2026-04-02 11:28:43,124 | INFO     | HTTP Request: POST https://api.telegram.org/bot8676883652:AAE0z3rCGdu9hbmUUI2C8ZeRD-oyZ6Q9iJs/getUpdates "HTTP/1.1 200 OK"
2026-04-02 11:28:53,568 | INFO     | HTTP Request: POST https://api.telegram.org/bot8676883652:AAE0z3rCGdu9hbmUUI2C8ZeRD-oyZ6Q9iJs/getUpdates "HTTP/1.1 200 OK"
2026-04-02 11:29:03,213 | INFO     | =======================================================
2026-04-02 11:29:03,213 | INFO     |   🔴 SHORT SELL TRADER — VWAP REJECTION
2026-04-02 11:29:03,213 | INFO     |   Mode      : LIVE
2026-04-02 11:29:03,213 | INFO     |   Gap Down  : 1.5% – 5.0%
2026-04-02 11:29:03,213 | INFO     |   VWAP Range: within 0.4% below VWAP
2026-04-02 11:29:03,213 | INFO     |   RSI Range : 45 – 62
2026-04-02 11:29:03,213 | INFO     |   Max Trades: 3
2026-04-02 11:29:03,213 | INFO     |   Window    : 09:45 – 14:00
2026-04-02 11:29:03,213 | INFO     | =======================================================
2026-04-02 11:29:03,279 | INFO     | ✅ NSE session ready
2026-04-02 11:29:03,279 | INFO     | 📥 Loading previous close prices...
2026-04-02 11:29:03,336 | INFO     |   HDFCBANK: ₹742.25
2026-04-02 11:29:03,703 | INFO     |   ICICIBANK: ₹1212.7
2026-04-02 11:29:04,056 | INFO     |   AXISBANK: ₹1193.1
2026-04-02 11:29:04,426 | INFO     |   KOTAKBANK: ₹356.05
2026-04-02 11:29:04,774 | INFO     |   SBIN: ₹1017.8
2026-04-02 11:29:05,118 | INFO     |   BAJFINANCE: ₹817.3
2026-04-02 11:29:05,472 | INFO     |   BAJAJFINSV: ₹1647.0
2026-04-02 11:29:05,834 | INFO     |   INDUSINDBK: ₹785.65
2026-04-02 11:29:06,189 | INFO     |   RELIANCE: ₹1369.2
2026-04-02 11:29:06,531 | INFO     |   TATAMOTORS: ₹0.0
2026-04-02 11:29:06,867 | INFO     |   MARUTI: ₹12509.0
2026-04-02 11:29:07,216 | INFO     |   ONGC: ₹288.05
2026-04-02 11:29:07,555 | INFO     |   NTPC: ₹364.65
2026-04-02 11:29:07,908 | INFO     |   POWERGRID: ₹292.8
2026-04-02 11:29:08,256 | INFO     |   COALINDIA: ₹449.4
2026-04-02 11:29:08,592 | INFO     |   HDFCBANK: ₹742.25
2026-04-02 11:29:08,957 | INFO     |   ETERNAL: ₹236.52
2026-04-02 11:29:09,296 | INFO     |   SBIN: ₹1017.8
2026-04-02 11:29:09,630 | INFO     |   LT: ₹3607.5
2026-04-02 11:29:09,969 | INFO     |   INDIGO: ₹4180.8
2026-04-02 11:29:14,358 | INFO     |   M&M: ₹0.0
2026-04-02 11:29:14,702 | INFO     |   AXISBANK: ₹1193.1
2026-04-02 11:29:15,043 | INFO     |   TMCV: ₹396.05
2026-04-02 11:29:15,461 | INFO     |   SUNPHARMA: ₹1728.5
2026-04-02 11:29:15,809 | INFO     |   MAZDOCK: ₹2318.2
2026-04-02 11:29:16,158 | INFO     |   SHRIRAMFIN: ₹900.55
2026-04-02 11:29:16,493 | INFO     |   KOTAKBANK: ₹356.05
2026-04-02 11:29:16,896 | INFO     |   JIOFIN: ₹231.93
2026-04-02 11:29:17,243 | INFO     |   ADANIPORTS: ₹1385.4
2026-04-02 11:29:17,586 | INFO     |   BPCL: ₹281.25
2026-04-02 11:29:17,940 | INFO     |   ADANIENT: ₹1842.5
2026-04-02 11:29:18,287 | INFO     |   PFC: ₹397.7
2026-04-02 11:29:18,634 | INFO     |   ASIANPAINT: ₹2225.8
2026-04-02 11:29:18,983 | INFO     |   DLF: ₹509.75
2026-04-02 11:29:19,327 | INFO     |   DRREDDY: ₹1209.6
2026-04-02 11:29:19,677 | INFO     |   TMPV: ₹302.95
2026-04-02 11:29:20,072 | INFO     |   HINDZINC: ₹524.45
2026-04-02 11:29:20,476 | INFO     |   ADANIENSOL: ₹956.6
2026-04-02 11:29:20,874 | INFO     |   LODHA: ₹685.35
2026-04-02 11:29:21,313 | INFO     |   BSE: ₹2867.6
2026-04-02 11:29:21,668 | INFO     |   MCX: ₹2469.7
2026-04-02 11:29:22,080 | INFO     |   COFORGE: ₹1153.9
2026-04-02 11:29:22,483 | INFO     |   BLUESTARCO: ₹1556.3
2026-04-02 11:29:22,869 | INFO     |   COCHINSHIP: ₹1338.6
2026-04-02 11:29:23,274 | INFO     |   ASTRAL: ₹1570.3
2026-04-02 11:29:23,626 | INFO     |   HINDPETRO: ₹335.55
2026-04-02 11:29:23,995 | INFO     |   GODREJPROP: ₹1508.1
2026-04-02 11:29:24,400 | INFO     |   BDL: ₹1203.9
2026-04-02 11:29:24,770 | INFO     |   RVNL: ₹262.61
2026-04-02 11:29:25,107 | INFO     |   INDUSINDBK: ₹785.65
2026-04-02 11:29:25,453 | INFO     |   AUBANK: ₹874.9
2026-04-02 11:29:25,818 | INFO     |   INDIANB: ₹888.0
2026-04-02 11:29:26,162 | INFO     |   JSWENERGY: ₹484.15
2026-04-02 11:29:26,531 | INFO     |   NYKAA: ₹239.97
2026-04-02 11:29:26,898 | INFO     |   KPITTECH: ₹674.3
2026-04-02 11:29:27,322 | INFO     |   LTF: ₹244.64
2026-04-02 11:29:27,688 | INFO     |   JUBLFOOD: ₹443.7
2026-04-02 11:29:28,067 | INFO     |   M&MFIN: ₹0.0
2026-04-02 11:29:28,464 | INFO     |   GRSE: ₹2359.3
2026-04-02 11:29:28,813 | INFO     |   HINDCOPPER: ₹496.0
2026-04-02 11:29:29,208 | INFO     |   PGEL: ₹480.9
2026-04-02 11:29:29,615 | INFO     |   ACUTAAS: ₹2332.1
2026-04-02 11:29:29,951 | INFO     |   CDSL: ₹1182.8
2026-04-02 11:29:30,343 | INFO     |   HSCL: ₹446.85
2026-04-02 11:29:30,746 | INFO     |   TEJASNET: ₹420.05
2026-04-02 11:29:31,333 | INFO     |   CHENNPETRO: ₹1017.85
2026-04-02 11:29:31,690 | INFO     |   ANGELONE: ₹240.6
2026-04-02 11:29:32,021 | INFO     |   ANANTRAJ: ₹448.2
2026-04-02 11:29:32,431 | INFO     |   GMDCLTD: ₹580.3
2026-04-02 11:29:32,843 | INFO     |   JBMA: ₹561.1
2026-04-02 11:29:33,245 | INFO     |   BLS: ₹255.41
2026-04-02 11:29:33,583 | INFO     |   TARIL: ₹274.3
2026-04-02 11:29:33,975 | INFO     |   PCBL: ₹257.62
2026-04-02 11:29:34,310 | INFO     |   JWL: ₹256.68
2026-04-02 11:29:34,709 | INFO     |   FIRSTCRY: ₹220.67
2026-04-02 11:29:35,112 | INFO     |   JSWINFRA: ₹247.95
2026-04-02 11:29:35,428 | INFO     | 🤖 Telegram bot started
2026-04-02 11:29:36,896 | INFO     | HTTP Request: POST https://api.telegram.org/bot8676883652:AAE0z3rCGdu9hbmUUI2C8ZeRD-oyZ6Q9iJs/getMe "HTTP/1.1 200 OK"
2026-04-02 11:29:37,292 | INFO     | HTTP Request: POST https://api.telegram.org/bot8676883652:AAE0z3rCGdu9hbmUUI2C8ZeRD-oyZ6Q9iJs/deleteWebhook "HTTP/1.1 200 OK"
2026-04-02 11:29:37,295 | INFO     | Scheduler started
2026-04-02 11:29:37,295 | INFO     | Application started
2026-04-02 11:29:38,420 | INFO     | 
⏳ Waiting for trade window 09:45...

2026-04-02 11:29:38,420 | INFO     | 🔍 Scanning 76 stocks for short setup (primary 15 + secondary 61)...
2026-04-02 11:29:48,806 | INFO     | HTTP Request: POST https://api.telegram.org/bot8676883652:AAE0z3rCGdu9hbmUUI2C8ZeRD-oyZ6Q9iJs/getUpdates "HTTP/1.1 200 OK"
2026-04-02 11:29:52,175 | INFO     | 💤 Next scan in 5 mins...

2026-04-02 11:29:59,208 | INFO     | HTTP Request: POST https://api.telegram.org/bot8676883652:AAE0z3rCGdu9hbmUUI2C8ZeRD-oyZ6Q9iJs/getUpdates "HTTP/1.1 200 OK"
2026-04-02 11:30:09,652 | INFO     | HTTP Request: POST https://api.telegram.org/bot8676883652:AAE0z3rCGdu9hbmUUI2C8ZeRD-oyZ6Q9iJs/getUpdates "HTTP/1.1 200 OK"
2026-04-02 11:30:20,028 | INFO     | HTTP Request: POST https://api.telegram.org/bot8676883652:AAE0z3rCGdu9hbmUUI2C8ZeRD-oyZ6Q9iJs/getUpdates "HTTP/1.1 200 OK"
2026-04-02 11:30:30,438 | INFO     | HTTP Request: POST https://api.telegram.org/bot8676883652:AAE0z3rCGdu9hbmUUI2C8ZeRD-oyZ6Q9iJs/getUpdates "HTTP/1.1 200 OK"
2026-04-02 11:30:40,807 | INFO     | HTTP Request: POST https://api.telegram.org/bot8676883652:AAE0z3rCGdu9hbmUUI2C8ZeRD-oyZ6Q9iJs/getUpdates "HTTP/1.1 200 OK"
2026-04-02 11:30:51,226 | INFO     | HTTP Request: POST https://api.telegram.org/bot8676883652:AAE0z3rCGdu9hbmUUI2C8ZeRD-oyZ6Q9iJs/getUpdates "HTTP/1.1 200 OK"
2026-04-02 11:31:01,598 | INFO     | HTTP Request: POST https://api.telegram.org/bot8676883652:AAE0z3rCGdu9hbmUUI2C8ZeRD-oyZ6Q9iJs/getUpdates "HTTP/1.1 200 OK"
2026-04-02 11:31:11,972 | INFO     | HTTP Request: POST https://api.telegram.org/bot8676883652:AAE0z3rCGdu9hbmUUI2C8ZeRD-oyZ6Q9iJs/getUpdates "HTTP/1.1 200 OK"
